c:\users\001\desktop\mfc\lmp\librarymnagementprogram\x64\debug\librarymnagementprogram.pch
c:\users\001\desktop\mfc\lmp\librarymnagementprogram\x64\debug\vc142.pdb
c:\users\001\desktop\mfc\lmp\librarymnagementprogram\x64\debug\vc142.idb
c:\users\001\desktop\mfc\lmp\librarymnagementprogram\x64\debug\pch.obj
c:\users\001\desktop\mfc\lmp\librarymnagementprogram\x64\debug\librarymnagementprogram.obj
c:\users\001\desktop\mfc\lmp\librarymnagementprogram\x64\debug\librarymember.obj
c:\users\001\desktop\mfc\lmp\librarymnagementprogram\x64\debug\books.obj
c:\users\001\desktop\mfc\lmp\librarymnagementprogram\x64\debug\librarymnagementprogramdlg.obj
c:\users\001\desktop\mfc\lmp\x64\debug\librarymnagementprogram.exe
c:\users\001\desktop\mfc\lmp\x64\debug\librarymnagementprogram.ilk
c:\users\001\desktop\mfc\lmp\x64\debug\librarymnagementprogram.pdb
c:\users\001\desktop\mfc\lmp\librarymnagementprogram\x64\debug\librarymnagementprogram.res
c:\users\001\desktop\mfc\lmp\librarymnagementprogram\x64\debug\librarym.aa609d72.tlog\cl.command.1.tlog
c:\users\001\desktop\mfc\lmp\librarymnagementprogram\x64\debug\librarym.aa609d72.tlog\cl.read.1.tlog
c:\users\001\desktop\mfc\lmp\librarymnagementprogram\x64\debug\librarym.aa609d72.tlog\cl.write.1.tlog
c:\users\001\desktop\mfc\lmp\librarymnagementprogram\x64\debug\librarym.aa609d72.tlog\link.command.1.tlog
c:\users\001\desktop\mfc\lmp\librarymnagementprogram\x64\debug\librarym.aa609d72.tlog\link.read.1.tlog
c:\users\001\desktop\mfc\lmp\librarymnagementprogram\x64\debug\librarym.aa609d72.tlog\link.write.1.tlog
c:\users\001\desktop\mfc\lmp\librarymnagementprogram\x64\debug\librarym.aa609d72.tlog\rc.command.1.tlog
c:\users\001\desktop\mfc\lmp\librarymnagementprogram\x64\debug\librarym.aa609d72.tlog\rc.read.1.tlog
c:\users\001\desktop\mfc\lmp\librarymnagementprogram\x64\debug\librarym.aa609d72.tlog\rc.write.1.tlog
