e:\mfc\librarymnagementprogram\librarymnagementprogram\debug\librarymnagementprogram.pch
e:\mfc\librarymnagementprogram\librarymnagementprogram\debug\vc142.pdb
e:\mfc\librarymnagementprogram\librarymnagementprogram\debug\vc142.idb
e:\mfc\librarymnagementprogram\librarymnagementprogram\debug\pch.obj
e:\mfc\librarymnagementprogram\librarymnagementprogram\debug\librarymnagementprogramdlg.obj
e:\mfc\librarymnagementprogram\librarymnagementprogram\debug\librarymnagementprogram.obj
e:\mfc\librarymnagementprogram\librarymnagementprogram\debug\librarymember.obj
e:\mfc\librarymnagementprogram\librarymnagementprogram\debug\books.obj
e:\mfc\librarymnagementprogram\debug\librarymnagementprogram.exe
e:\mfc\librarymnagementprogram\debug\librarymnagementprogram.ilk
e:\mfc\librarymnagementprogram\debug\librarymnagementprogram.pdb
e:\mfc\librarymnagementprogram\librarymnagementprogram\debug\librarymnagementprogram.res
e:\mfc\librarymnagementprogram\librarymnagementprogram\debug\librarym.aa609d72.tlog\cl.command.1.tlog
e:\mfc\librarymnagementprogram\librarymnagementprogram\debug\librarym.aa609d72.tlog\cl.read.1.tlog
e:\mfc\librarymnagementprogram\librarymnagementprogram\debug\librarym.aa609d72.tlog\cl.write.1.tlog
e:\mfc\librarymnagementprogram\librarymnagementprogram\debug\librarym.aa609d72.tlog\link.command.1.tlog
e:\mfc\librarymnagementprogram\librarymnagementprogram\debug\librarym.aa609d72.tlog\link.read.1.tlog
e:\mfc\librarymnagementprogram\librarymnagementprogram\debug\librarym.aa609d72.tlog\link.write.1.tlog
e:\mfc\librarymnagementprogram\librarymnagementprogram\debug\librarym.aa609d72.tlog\rc.command.1.tlog
e:\mfc\librarymnagementprogram\librarymnagementprogram\debug\librarym.aa609d72.tlog\rc.read.1.tlog
e:\mfc\librarymnagementprogram\librarymnagementprogram\debug\librarym.aa609d72.tlog\rc.write.1.tlog
